<?xml version="1.0" encoding="UTF-8"?>
<!-- Generated by org.testng.reporters.JUnitXMLReporter -->
<testsuite ignored="0" hostname="yathishgowda-PC" failures="0" tests="4" name="Default test" time="118.148" errors="0" timestamp="2023-02-22T14:13:48 IST">
  <testcase classname="com.simplilearn.Phase_4_Project.Ajio" name="SearchHandbagsForWomen" time="83.392"/>
  <testcase classname="com.simplilearn.Phase_4_Project.Ajio" name="ScrollUp" time="13.568"/>
  <testcase classname="com.simplilearn.Phase_4_Project.Ajio" name="MoveProductToCart" time="4.025"/>
  <testcase classname="com.simplilearn.Phase_4_Project.Ajio" name="ValidationOfProductInCart" time="3.089"/>
</testsuite> <!-- Default test -->
